flixel-tools convert warning log
Converted Path C:\Users\bumbl\Documents\O\ContestMarch/
Please visit haxeflixel.com/wiki/convert for further documentation on converting old code.


File Path	:C:\Users\bumbl\Documents\O\ContestMarch/source/Gameover.hx
Line Number  :60
Issue		:.onOver
Solution	 :.setOnOverCallback(foo);

File Path	:C:\Users\bumbl\Documents\O\ContestMarch/source/Pause.hx
Line Number  :103
Issue		:.onOver
Solution	 :.setOnOverCallback(foo);

File Path	:C:\Users\bumbl\Documents\O\ContestMarch/source/Pause.hx
Line Number  :107
Issue		:.onOver
Solution	 :.setOnOverCallback(foo);

File Path	:C:\Users\bumbl\Documents\O\ContestMarch/source/Pause.hx
Line Number  :111
Issue		:.onOver
Solution	 :.setOnOverCallback(foo);

File Path	:C:\Users\bumbl\Documents\O\ContestMarch/source/Pause.hx
Line Number  :115
Issue		:.onOver
Solution	 :.setOnOverCallback(foo);

 / End of Log.