flixel-tools convert warning log
Converted Path C:\Users\Owner/ContestMarch
Please visit haxeflixel.com/wiki/convert for further documentation on converting old code.


File Path	:C:\Users\Owner/ContestMarch/source/Gameover.hx
Line Number  :60
Issue		:.onOver
Solution	 :.setOnOverCallback(foo);

File Path	:C:\Users\Owner/ContestMarch/source/MenuState.hx
Line Number  :87
Issue		:.onOver
Solution	 :.setOnOverCallback(foo);

File Path	:C:\Users\Owner/ContestMarch/source/Pause.hx
Line Number  :90
Issue		:.onOver
Solution	 :.setOnOverCallback(foo);

File Path	:C:\Users\Owner/ContestMarch/source/Pause.hx
Line Number  :94
Issue		:.onOver
Solution	 :.setOnOverCallback(foo);

File Path	:C:\Users\Owner/ContestMarch/source/Pause.hx
Line Number  :98
Issue		:.onOver
Solution	 :.setOnOverCallback(foo);

File Path	:C:\Users\Owner/ContestMarch/source/Pause.hx
Line Number  :102
Issue		:.onOver
Solution	 :.setOnOverCallback(foo);

 / End of Log.